d:\github\injectallthethings-master\injectallthethings\x64\release\vc142.pdb
d:\github\injectallthethings-master\injectallthethings\x64\release\t_suspendinjectresume.obj
d:\github\injectallthethings-master\injectallthethings\x64\release\t_setwindowshookex.obj
d:\github\injectallthethings-master\injectallthethings\x64\release\t_rtlcreateuserthread.obj
d:\github\injectallthethings-master\injectallthethings\x64\release\t_reflectivedllinjection.obj
d:\github\injectallthethings-master\injectallthethings\x64\release\t_queueuserapc.obj
d:\github\injectallthethings-master\injectallthethings\x64\release\t_ntcreatethreadex.obj
d:\github\injectallthethings-master\injectallthethings\x64\release\t_createremotethread.obj
d:\github\injectallthethings-master\injectallthethings\x64\release\main.obj
d:\github\injectallthethings-master\injectallthethings\x64\release\auxiliary.obj
d:\github\injectallthethings-master\injectallthethings\x64\release\loadlibraryr.obj
d:\github\injectallthethings-master\injectallthethings\x64\release\getprocaddressr.obj
d:\github\injectallthethings-master\x64\release\injectallthethings.ipdb
d:\github\injectallthethings-master\x64\release\injectallthethings.iobj
d:\github\injectallthethings-master\x64\release\injectallthethings.exe
d:\github\injectallthethings-master\x64\release\injectallthethings.pdb
d:\github\injectallthethings-master\injectallthethings\x64\release\injectal.57930b58.tlog\cl.command.1.tlog
d:\github\injectallthethings-master\injectallthethings\x64\release\injectal.57930b58.tlog\cl.read.1.tlog
d:\github\injectallthethings-master\injectallthethings\x64\release\injectal.57930b58.tlog\cl.write.1.tlog
d:\github\injectallthethings-master\injectallthethings\x64\release\injectal.57930b58.tlog\injectallthethings.write.1u.tlog
d:\github\injectallthethings-master\injectallthethings\x64\release\injectal.57930b58.tlog\link.command.1.tlog
d:\github\injectallthethings-master\injectallthethings\x64\release\injectal.57930b58.tlog\link.read.1.tlog
d:\github\injectallthethings-master\injectallthethings\x64\release\injectal.57930b58.tlog\link.write.1.tlog
