  auxiliary.cpp
  main.cpp
  t_CreateRemoteThread.cpp
  t_NtCreateThreadEx.cpp
  t_QueueUserAPC.cpp
  t_ReflectiveDllInjection.cpp
D:\GitHub\injectAllTheThings-master\injectAllTheThings\t_ReflectiveDllInjection.cpp(59,38): warning C4477: “wprintf”: 格式字符串“%s”需要类型“wchar_t *”的参数，但可变参数 1 拥有了类型“const char *”
D:\GitHub\injectAllTheThings-master\injectAllTheThings\t_ReflectiveDllInjection.cpp(59,38): message : 请考虑在格式字符串中使用“%hs”
D:\GitHub\injectAllTheThings-master\injectAllTheThings\t_ReflectiveDllInjection.cpp(59,38): message : 请考虑在格式字符串中使用“%Ts”
D:\GitHub\injectAllTheThings-master\injectAllTheThings\t_ReflectiveDllInjection.cpp(59,38): message : Visual C++ 使用非标准语义时会出现此警告
D:\GitHub\injectAllTheThings-master\injectAllTheThings\t_ReflectiveDllInjection.cpp(62,55): warning C4477: “wprintf”: 格式字符串“%s”需要类型“wchar_t *”的参数，但可变参数 1 拥有了类型“const char *”
D:\GitHub\injectAllTheThings-master\injectAllTheThings\t_ReflectiveDllInjection.cpp(62,55): message : 请考虑在格式字符串中使用“%hs”
D:\GitHub\injectAllTheThings-master\injectAllTheThings\t_ReflectiveDllInjection.cpp(62,55): message : 请考虑在格式字符串中使用“%Ts”
D:\GitHub\injectAllTheThings-master\injectAllTheThings\t_ReflectiveDllInjection.cpp(62,55): message : Visual C++ 使用非标准语义时会出现此警告
D:\GitHub\injectAllTheThings-master\injectAllTheThings\t_ReflectiveDllInjection.cpp(69,18): warning C4477: “wprintf”: 格式字符串“%s”需要类型“wchar_t *”的参数，但可变参数 1 拥有了类型“const char *”
D:\GitHub\injectAllTheThings-master\injectAllTheThings\t_ReflectiveDllInjection.cpp(69,18): message : 请考虑在格式字符串中使用“%hs”
D:\GitHub\injectAllTheThings-master\injectAllTheThings\t_ReflectiveDllInjection.cpp(69,18): message : 请考虑在格式字符串中使用“%Ts”
D:\GitHub\injectAllTheThings-master\injectAllTheThings\t_ReflectiveDllInjection.cpp(69,18): message : Visual C++ 使用非标准语义时会出现此警告
D:\GitHub\injectAllTheThings-master\injectAllTheThings\t_ReflectiveDllInjection.cpp(71,73): warning C4477: “wprintf”: 格式字符串“%s”需要类型“wchar_t *”的参数，但可变参数 1 拥有了类型“const char *”
D:\GitHub\injectAllTheThings-master\injectAllTheThings\t_ReflectiveDllInjection.cpp(71,73): message : 请考虑在格式字符串中使用“%hs”
D:\GitHub\injectAllTheThings-master\injectAllTheThings\t_ReflectiveDllInjection.cpp(71,73): message : 请考虑在格式字符串中使用“%Ts”
D:\GitHub\injectAllTheThings-master\injectAllTheThings\t_ReflectiveDllInjection.cpp(71,73): message : Visual C++ 使用非标准语义时会出现此警告
D:\GitHub\injectAllTheThings-master\injectAllTheThings\t_ReflectiveDllInjection.cpp(74,18): warning C4477: “wprintf”: 格式字符串“%s”需要类型“wchar_t *”的参数，但可变参数 1 拥有了类型“const char *”
D:\GitHub\injectAllTheThings-master\injectAllTheThings\t_ReflectiveDllInjection.cpp(74,18): message : 请考虑在格式字符串中使用“%hs”
D:\GitHub\injectAllTheThings-master\injectAllTheThings\t_ReflectiveDllInjection.cpp(74,18): message : 请考虑在格式字符串中使用“%Ts”
D:\GitHub\injectAllTheThings-master\injectAllTheThings\t_ReflectiveDllInjection.cpp(74,18): message : Visual C++ 使用非标准语义时会出现此警告
D:\GitHub\injectAllTheThings-master\injectAllTheThings\t_ReflectiveDllInjection.cpp(77,17): warning C4477: “wprintf”: 格式字符串“%s”需要类型“wchar_t *”的参数，但可变参数 1 拥有了类型“const char *”
D:\GitHub\injectAllTheThings-master\injectAllTheThings\t_ReflectiveDllInjection.cpp(77,17): message : 请考虑在格式字符串中使用“%hs”
D:\GitHub\injectAllTheThings-master\injectAllTheThings\t_ReflectiveDllInjection.cpp(77,17): message : 请考虑在格式字符串中使用“%Ts”
D:\GitHub\injectAllTheThings-master\injectAllTheThings\t_ReflectiveDllInjection.cpp(77,17): message : Visual C++ 使用非标准语义时会出现此警告
  t_RtlCreateUserThread.cpp
  t_SetWindowsHookEx.cpp
  t_suspendInjectResume.cpp
  GetProcAddressR.c
  LoadLibraryR.c
  正在生成代码
  Previous IPDB not found, fall back to full compilation.
  All 20 functions were compiled because no usable IPDB/IOBJ from previous compilation was found.
  已完成代码的生成
  injectAllTheThings.vcxproj -> D:\GitHub\injectAllTheThings-master\Release\injectAllTheThings.exe
  已复制         1 个文件。
